 * Environment: production
   WARNING: This is a development server. Do not use it in a production deployment.
   Use a production WSGI server instead.
 * Debug mode: off
Traceback (most recent call last):
  File "/root/flask-portfolio/python3-virtualenv/bin/flask", line 8, in <module>
    sys.exit(main())
  File "/root/flask-portfolio/python3-virtualenv/lib64/python3.9/site-packages/flask/cli.py", line 990, in main
    cli.main(args=sys.argv[1:])
  File "/root/flask-portfolio/python3-virtualenv/lib64/python3.9/site-packages/flask/cli.py", line 596, in main
    return super().main(*args, **kwargs)
  File "/root/flask-portfolio/python3-virtualenv/lib64/python3.9/site-packages/click/core.py", line 1062, in main
    rv = self.invoke(ctx)
  File "/root/flask-portfolio/python3-virtualenv/lib64/python3.9/site-packages/click/core.py", line 1668, in invoke
    return _process_result(sub_ctx.command.invoke(sub_ctx))
  File "/root/flask-portfolio/python3-virtualenv/lib64/python3.9/site-packages/click/core.py", line 1404, in invoke
    return ctx.invoke(self.callback, **ctx.params)
  File "/root/flask-portfolio/python3-virtualenv/lib64/python3.9/site-packages/click/core.py", line 763, in invoke
    return __callback(*args, **kwargs)
  File "/root/flask-portfolio/python3-virtualenv/lib64/python3.9/site-packages/click/decorators.py", line 84, in new_func
    return ctx.invoke(f, obj, *args, **kwargs)
  File "/root/flask-portfolio/python3-virtualenv/lib64/python3.9/site-packages/click/core.py", line 763, in invoke
    return __callback(*args, **kwargs)
  File "/root/flask-portfolio/python3-virtualenv/lib64/python3.9/site-packages/flask/cli.py", line 845, in run_command
    app = DispatchingApp(info.load_app, use_eager_loading=eager_loading)
  File "/root/flask-portfolio/python3-virtualenv/lib64/python3.9/site-packages/flask/cli.py", line 321, in __init__
    self._load_unlocked()
  File "/root/flask-portfolio/python3-virtualenv/lib64/python3.9/site-packages/flask/cli.py", line 346, in _load_unlocked
    self._app = rv = self.loader()
  File "/root/flask-portfolio/python3-virtualenv/lib64/python3.9/site-packages/flask/cli.py", line 406, in load_app
    app = locate_app(self, import_name, None, raise_if_not_found=False)
  File "/root/flask-portfolio/python3-virtualenv/lib64/python3.9/site-packages/flask/cli.py", line 256, in locate_app
    __import__(module_name)
  File "/root/flask-portfolio/app/__init__.py", line 21, in <module>
    class BaseModel(Model):
  File "/root/flask-portfolio/app/__init__.py", line 22, in BaseModel
    class Meta:
  File "/root/flask-portfolio/app/__init__.py", line 23, in Meta
    databases = mdb
NameError: name 'mdb' is not defined
